生成启动时间为 2019/4/30 13:48:56。
     1>项目“D:\VC++\03\03\03.vcxproj”在节点 2 上(build 个目标)。
     1>C:\Windows\Microsoft.NET\Framework\v4.0.30319\Microsoft.Common.Targets(983,5): warning MSB3644: 未找到框架“.NETFramework,Version=v4.0”的引用程序集。若要解决此问题，请安装此框架版本的 SDK 或 Targeting Pack，或将应用程序的目标重新指向已装有 SDK 或 Targeting Pack 的框架版本。请注意，将从全局程序集缓存(GAC)解析程序集，并将使用这些程序集替换引用程序集。因此，程序集的目标可能未正确指向您所预期的框架。
     1>InitializeBuildStatus:
         正在创建“Debug\汉诺塔.unsuccessfulbuild”，因为已指定“AlwaysCreate”。
       ClCompile:
         C:\Program Files (x86)\Microsoft Visual Studio 10.0\VC\bin\CL.exe /c /ZI /nologo /W3 /WX- /Od /Oy- /D WIN32 /D _DEBUG /D _CONSOLE /D _UNICODE /D UNICODE /Gm /EHsc /RTC1 /MDd /GS /fp:precise /Zc:wchar_t /Zc:forScope /Fo"Debug\\" /Fd"Debug\vc100.pdb" /Gd /TP /analyze- /errorReport:prompt "数组排序（函数）.cpp"
         数组排序（函数）.cpp
       ManifestResourceCompile:
         所有输出均为最新。
       Link:
         C:\Program Files (x86)\Microsoft Visual Studio 10.0\VC\bin\link.exe /ERRORREPORT:PROMPT /OUT:"D:\VC++\03\Debug\汉诺塔.exe" /INCREMENTAL /NOLOGO kernel32.lib user32.lib gdi32.lib winspool.lib comdlg32.lib advapi32.lib shell32.lib ole32.lib oleaut32.lib uuid.lib odbc32.lib odbccp32.lib /MANIFEST /ManifestFile:"Debug\汉诺塔.exe.intermediate.manifest" /MANIFESTUAC:"level='asInvoker' uiAccess='false'" /DEBUG /PDB:"D:\VC++\03\Debug\汉诺塔.pdb" /SUBSYSTEM:CONSOLE /TLBID:1 /DYNAMICBASE /NXCOMPAT /IMPLIB:"D:\VC++\03\Debug\汉诺塔.lib" /MACHINE:X86 "Debug\汉诺塔.exe.embed.manifest.res"
         "Debug\数组排序（函数）.obj"
       Manifest:
         C:\Program Files (x86)\Microsoft SDKs\Windows\v7.0A\bin\mt.exe /nologo /verbose /out:"Debug\汉诺塔.exe.embed.manifest" /manifest "Debug\汉诺塔.exe.intermediate.manifest"
         所有输出均为最新。
       LinkEmbedManifest:
         所有输出均为最新。
         03.vcxproj -> D:\VC++\03\Debug\汉诺塔.exe
       FinalizeBuildStatus:
         正在删除文件“Debug\汉诺塔.unsuccessfulbuild”。
         正在对“Debug\汉诺塔.lastbuildstate”执行 Touch 任务。
     1>已完成生成项目“D:\VC++\03\03\03.vcxproj”(build 个目标)的操作。

生成成功。

已用时间 00:00:02.80
